  compilation object save succeeded; see C:\Users\lsy01\OneDrive\바탕 화면\3-2_Study\다렉\LabProject08-0-1 - 복사본\x64\Release\Shaders.cso
  stdafx.cpp
  Camera.cpp
C:\Users\lsy01\OneDrive\바탕 화면\3-2_Study\다렉\LabProject08-0-1 - 복사본\Object.h(228,45): warning C4305: '인수': 'double'에서 'float'(으)로 잘립니다.
  DDSTextureLoader12.cpp
  GameFramework.cpp
C:\Users\lsy01\OneDrive\바탕 화면\3-2_Study\다렉\LabProject08-0-1 - 복사본\Object.h(228,45): warning C4305: '인수': 'double'에서 'float'(으)로 잘립니다.
C:\Users\lsy01\OneDrive\바탕 화면\3-2_Study\다렉\LabProject08-0-1 - 복사본\GameFramework.cpp(410,76): warning C4305: '인수': 'double'에서 'float'(으)로 잘립니다.
C:\Users\lsy01\OneDrive\바탕 화면\3-2_Study\다렉\LabProject08-0-1 - 복사본\GameFramework.cpp(412,72): warning C4305: '인수': 'double'에서 'float'(으)로 잘립니다.
  LabProject08-0-1.cpp
C:\Users\lsy01\OneDrive\바탕 화면\3-2_Study\다렉\LabProject08-0-1 - 복사본\Object.h(228,45): warning C4305: '인수': 'double'에서 'float'(으)로 잘립니다.
  Mesh.cpp
  Object.cpp
C:\Users\lsy01\OneDrive\바탕 화면\3-2_Study\다렉\LabProject08-0-1 - 복사본\Object.h(228,45): warning C4305: '인수': 'double'에서 'float'(으)로 잘립니다.
C:\Users\lsy01\OneDrive\바탕 화면\3-2_Study\다렉\LabProject08-0-1 - 복사본\Object.cpp(1004,55): warning C4305: '인수': 'double'에서 'float'(으)로 잘립니다.
  Player.cpp
C:\Users\lsy01\OneDrive\바탕 화면\3-2_Study\다렉\LabProject08-0-1 - 복사본\Object.h(228,45): warning C4305: '인수': 'double'에서 'float'(으)로 잘립니다.
  Scene.cpp
C:\Users\lsy01\OneDrive\바탕 화면\3-2_Study\다렉\LabProject08-0-1 - 복사본\Object.h(228,45): warning C4305: '인수': 'double'에서 'float'(으)로 잘립니다.
C:\Users\lsy01\OneDrive\바탕 화면\3-2_Study\다렉\LabProject08-0-1 - 복사본\Scene.cpp(453,93): warning C4305: '인수': 'double'에서 'float'(으)로 잘립니다.
  Shader.cpp
C:\Users\lsy01\OneDrive\바탕 화면\3-2_Study\다렉\LabProject08-0-1 - 복사본\Object.h(228,45): warning C4305: '인수': 'double'에서 'float'(으)로 잘립니다.
C:\Users\lsy01\OneDrive\바탕 화면\3-2_Study\다렉\LabProject08-0-1 - 복사본\Shader.cpp(518,74): warning C4305: '인수': 'double'에서 'float'(으)로 잘립니다.
C:\Users\lsy01\OneDrive\바탕 화면\3-2_Study\다렉\LabProject08-0-1 - 복사본\Shader.cpp(526,75): warning C4305: '인수': 'double'에서 'float'(으)로 잘립니다.
C:\Users\lsy01\OneDrive\바탕 화면\3-2_Study\다렉\LabProject08-0-1 - 복사본\Shader.cpp(534,75): warning C4305: '인수': 'double'에서 'float'(으)로 잘립니다.
  Timer.cpp
  WICTextureLoader12.cpp
  코드를 생성하고 있습니다.
  Previous IPDB was built with incompatible compiler, fall back to full compilation.
  All 666 functions were compiled because no usable IPDB/IOBJ from previous compilation was found.
  코드를 생성했습니다.
  LabProject08-0-1.vcxproj -> C:\Users\lsy01\OneDrive\바탕 화면\3-2_Study\다렉\LabProject08-0-1 - 복사본\x64\Release\LabProject08-0-1.exe
